<?xml version="1.0" encoding="UTF-8"?>
<testsuite xmlns:xsi="http://www.w3.org/2001/XMLSchema-instance" xsi:noNamespaceSchemaLocation="https://maven.apache.org/surefire/maven-surefire-plugin/xsd/surefire-test-report.xsd" name="TestAnnoTable" time="4.083" tests="4" errors="0" skipped="0" failures="0">
  <properties>
    <property name="sun.desktop" value="windows"/>
    <property name="awt.toolkit" value="sun.awt.windows.WToolkit"/>
    <property name="file.encoding.pkg" value="sun.io"/>
    <property name="java.specification.version" value="1.8"/>
    <property name="sun.cpu.isalist" value="amd64"/>
    <property name="sun.jnu.encoding" value="GBK"/>
    <property name="java.class.path" value="C:\Users\study\JAVAFrame\ssm项目\cocPractice\target\test-classes;C:\Users\study\JAVAFrame\ssm项目\cocPractice\target\classes;C:\Users\study\maven\repository\org\aspectj\aspectjweaver\1.6.8\aspectjweaver-1.6.8.jar;C:\Users\study\maven\repository\org\springframework\spring-aop\5.0.2.RELEASE\spring-aop-5.0.2.RELEASE.jar;C:\Users\study\maven\repository\org\springframework\spring-context\5.0.2.RELEASE\spring-context-5.0.2.RELEASE.jar;C:\Users\study\maven\repository\org\springframework\spring-expression\5.0.2.RELEASE\spring-expression-5.0.2.RELEASE.jar;C:\Users\study\maven\repository\org\springframework\spring-context-support\5.0.2.RELEASE\spring-context-support-5.0.2.RELEASE.jar;C:\Users\study\maven\repository\com\fasterxml\jackson\core\jackson-databind\2.9.0\jackson-databind-2.9.0.jar;C:\Users\study\maven\repository\com\fasterxml\jackson\core\jackson-core\2.9.0\jackson-core-2.9.0.jar;C:\Users\study\maven\repository\com\fasterxml\jackson\core\jackson-annotations\2.9.0\jackson-annotations-2.9.0.jar;C:\Users\study\maven\repository\org\springframework\spring-web\5.0.2.RELEASE\spring-web-5.0.2.RELEASE.jar;C:\Users\study\maven\repository\org\springframework\spring-orm\5.0.2.RELEASE\spring-orm-5.0.2.RELEASE.jar;C:\Users\study\maven\repository\org\springframework\spring-jdbc\5.0.2.RELEASE\spring-jdbc-5.0.2.RELEASE.jar;C:\Users\study\maven\repository\org\springframework\spring-beans\5.0.2.RELEASE\spring-beans-5.0.2.RELEASE.jar;C:\Users\study\maven\repository\org\springframework\spring-core\5.0.2.RELEASE\spring-core-5.0.2.RELEASE.jar;C:\Users\study\maven\repository\org\springframework\spring-jcl\5.0.2.RELEASE\spring-jcl-5.0.2.RELEASE.jar;C:\Users\study\maven\repository\org\springframework\spring-test\5.0.2.RELEASE\spring-test-5.0.2.RELEASE.jar;C:\Users\study\maven\repository\org\springframework\spring-webmvc\5.0.2.RELEASE\spring-webmvc-5.0.2.RELEASE.jar;C:\Users\study\maven\repository\org\springframework\spring-tx\5.0.2.RELEASE\spring-tx-5.0.2.RELEASE.jar;C:\Users\study\maven\repository\junit\junit\4.12\junit-4.12.jar;C:\Users\study\maven\repository\org\hamcrest\hamcrest-core\1.3\hamcrest-core-1.3.jar;C:\Users\study\maven\repository\mysql\mysql-connector-java\5.1.6\mysql-connector-java-5.1.6.jar;C:\Users\study\maven\repository\javax\servlet\servlet-api\2.5\servlet-api-2.5.jar;C:\Users\study\maven\repository\javax\servlet\jsp\jsp-api\2.0\jsp-api-2.0.jar;C:\Users\study\maven\repository\jstl\jstl\1.2\jstl-1.2.jar;C:\Users\study\maven\repository\log4j\log4j\1.2.12\log4j-1.2.12.jar;C:\Users\study\maven\repository\org\slf4j\slf4j-api\1.6.6\slf4j-api-1.6.6.jar;C:\Users\study\maven\repository\org\slf4j\slf4j-log4j12\1.6.6\slf4j-log4j12-1.6.6.jar;C:\Users\study\maven\repository\org\mybatis\mybatis\3.4.5\mybatis-3.4.5.jar;C:\Users\study\maven\repository\org\mybatis\mybatis-spring\1.3.0\mybatis-spring-1.3.0.jar;C:\Users\study\maven\repository\c3p0\c3p0\0.9.1.2\c3p0-0.9.1.2.jar;"/>
    <property name="java.vm.vendor" value="Oracle Corporation"/>
    <property name="sun.arch.data.model" value="64"/>
    <property name="user.variant" value=""/>
    <property name="java.vendor.url" value="http://java.oracle.com/"/>
    <property name="user.timezone" value=""/>
    <property name="java.vm.specification.version" value="1.8"/>
    <property name="os.name" value="Windows 10"/>
    <property name="user.country" value="CN"/>
    <property name="sun.java.launcher" value="SUN_STANDARD"/>
    <property name="sun.boot.library.path" value="C:\Program Files\Java\jdk1.8.0_181\jre\bin"/>
    <property name="sun.java.command" value="C:\Users\ADMINI~1\AppData\Local\Temp\surefire8466384443583473459\surefirebooter1006584342396471411.jar C:\Users\Administrator\AppData\Local\Temp\surefire8466384443583473459 2021-03-10T13-24-57_508-jvmRun1 surefire961185528178391910tmp surefire_05926530247764037593tmp"/>
    <property name="surefire.test.class.path" value="C:\Users\study\JAVAFrame\ssm项目\cocPractice\target\test-classes;C:\Users\study\JAVAFrame\ssm项目\cocPractice\target\classes;C:\Users\study\maven\repository\org\aspectj\aspectjweaver\1.6.8\aspectjweaver-1.6.8.jar;C:\Users\study\maven\repository\org\springframework\spring-aop\5.0.2.RELEASE\spring-aop-5.0.2.RELEASE.jar;C:\Users\study\maven\repository\org\springframework\spring-context\5.0.2.RELEASE\spring-context-5.0.2.RELEASE.jar;C:\Users\study\maven\repository\org\springframework\spring-expression\5.0.2.RELEASE\spring-expression-5.0.2.RELEASE.jar;C:\Users\study\maven\repository\org\springframework\spring-context-support\5.0.2.RELEASE\spring-context-support-5.0.2.RELEASE.jar;C:\Users\study\maven\repository\com\fasterxml\jackson\core\jackson-databind\2.9.0\jackson-databind-2.9.0.jar;C:\Users\study\maven\repository\com\fasterxml\jackson\core\jackson-core\2.9.0\jackson-core-2.9.0.jar;C:\Users\study\maven\repository\com\fasterxml\jackson\core\jackson-annotations\2.9.0\jackson-annotations-2.9.0.jar;C:\Users\study\maven\repository\org\springframework\spring-web\5.0.2.RELEASE\spring-web-5.0.2.RELEASE.jar;C:\Users\study\maven\repository\org\springframework\spring-orm\5.0.2.RELEASE\spring-orm-5.0.2.RELEASE.jar;C:\Users\study\maven\repository\org\springframework\spring-jdbc\5.0.2.RELEASE\spring-jdbc-5.0.2.RELEASE.jar;C:\Users\study\maven\repository\org\springframework\spring-beans\5.0.2.RELEASE\spring-beans-5.0.2.RELEASE.jar;C:\Users\study\maven\repository\org\springframework\spring-core\5.0.2.RELEASE\spring-core-5.0.2.RELEASE.jar;C:\Users\study\maven\repository\org\springframework\spring-jcl\5.0.2.RELEASE\spring-jcl-5.0.2.RELEASE.jar;C:\Users\study\maven\repository\org\springframework\spring-test\5.0.2.RELEASE\spring-test-5.0.2.RELEASE.jar;C:\Users\study\maven\repository\org\springframework\spring-webmvc\5.0.2.RELEASE\spring-webmvc-5.0.2.RELEASE.jar;C:\Users\study\maven\repository\org\springframework\spring-tx\5.0.2.RELEASE\spring-tx-5.0.2.RELEASE.jar;C:\Users\study\maven\repository\junit\junit\4.12\junit-4.12.jar;C:\Users\study\maven\repository\org\hamcrest\hamcrest-core\1.3\hamcrest-core-1.3.jar;C:\Users\study\maven\repository\mysql\mysql-connector-java\5.1.6\mysql-connector-java-5.1.6.jar;C:\Users\study\maven\repository\javax\servlet\servlet-api\2.5\servlet-api-2.5.jar;C:\Users\study\maven\repository\javax\servlet\jsp\jsp-api\2.0\jsp-api-2.0.jar;C:\Users\study\maven\repository\jstl\jstl\1.2\jstl-1.2.jar;C:\Users\study\maven\repository\log4j\log4j\1.2.12\log4j-1.2.12.jar;C:\Users\study\maven\repository\org\slf4j\slf4j-api\1.6.6\slf4j-api-1.6.6.jar;C:\Users\study\maven\repository\org\slf4j\slf4j-log4j12\1.6.6\slf4j-log4j12-1.6.6.jar;C:\Users\study\maven\repository\org\mybatis\mybatis\3.4.5\mybatis-3.4.5.jar;C:\Users\study\maven\repository\org\mybatis\mybatis-spring\1.3.0\mybatis-spring-1.3.0.jar;C:\Users\study\maven\repository\c3p0\c3p0\0.9.1.2\c3p0-0.9.1.2.jar;"/>
    <property name="sun.cpu.endian" value="little"/>
    <property name="user.home" value="C:\Users\Administrator"/>
    <property name="user.language" value="zh"/>
    <property name="java.specification.vendor" value="Oracle Corporation"/>
    <property name="java.home" value="C:\Program Files\Java\jdk1.8.0_181\jre"/>
    <property name="basedir" value="C:\Users\study\JAVAFrame\ssm项目\cocPractice"/>
    <property name="file.separator" value="\"/>
    <property name="line.separator" value="&#10;"/>
    <property name="java.vm.specification.vendor" value="Oracle Corporation"/>
    <property name="java.specification.name" value="Java Platform API Specification"/>
    <property name="java.awt.graphicsenv" value="sun.awt.Win32GraphicsEnvironment"/>
    <property name="surefire.real.class.path" value="C:\Users\ADMINI~1\AppData\Local\Temp\surefire8466384443583473459\surefirebooter1006584342396471411.jar"/>
    <property name="sun.boot.class.path" value="C:\Program Files\Java\jdk1.8.0_181\jre\lib\resources.jar;C:\Program Files\Java\jdk1.8.0_181\jre\lib\rt.jar;C:\Program Files\Java\jdk1.8.0_181\jre\lib\sunrsasign.jar;C:\Program Files\Java\jdk1.8.0_181\jre\lib\jsse.jar;C:\Program Files\Java\jdk1.8.0_181\jre\lib\jce.jar;C:\Program Files\Java\jdk1.8.0_181\jre\lib\charsets.jar;C:\Program Files\Java\jdk1.8.0_181\jre\lib\jfr.jar;C:\Program Files\Java\jdk1.8.0_181\jre\classes"/>
    <property name="user.script" value=""/>
    <property name="sun.management.compiler" value="HotSpot 64-Bit Tiered Compilers"/>
    <property name="java.runtime.version" value="1.8.0_181-b13"/>
    <property name="user.name" value="Administrator"/>
    <property name="path.separator" value=";"/>
    <property name="os.version" value="10.0"/>
    <property name="java.endorsed.dirs" value="C:\Program Files\Java\jdk1.8.0_181\jre\lib\endorsed"/>
    <property name="java.runtime.name" value="Java(TM) SE Runtime Environment"/>
    <property name="file.encoding" value="GBK"/>
    <property name="java.vm.name" value="Java HotSpot(TM) 64-Bit Server VM"/>
    <property name="localRepository" value="C:\Users\study\maven\repository"/>
    <property name="java.vendor.url.bug" value="http://bugreport.sun.com/bugreport/"/>
    <property name="java.io.tmpdir" value="C:\Users\ADMINI~1\AppData\Local\Temp\"/>
    <property name="java.version" value="1.8.0_181"/>
    <property name="user.dir" value="C:\Users\study\JAVAFrame\ssm项目\cocPractice"/>
    <property name="os.arch" value="amd64"/>
    <property name="java.vm.specification.name" value="Java Virtual Machine Specification"/>
    <property name="java.awt.printerjob" value="sun.awt.windows.WPrinterJob"/>
    <property name="sun.os.patch.level" value=""/>
    <property name="java.library.path" value="C:\Program Files\Java\jdk1.8.0_181\jre\bin;C:\WINDOWS\Sun\Java\bin;C:\WINDOWS\system32;C:\WINDOWS;C:\Program Files\Java\jdk1.8.0_181\bin;C:\WINDOWS\system32;C:\WINDOWS;C:\WINDOWS\System32\Wbem;C:\WINDOWS\System32\WindowsPowerShell\v1.0\;C:\ProgramData\Microsoft\Windows\Start Menu\Programs;C:\Program Files\Microsoft SQL Server\Client SDK\ODBC\130\Tools\Binn\;C:\Program Files (x86)\Microsoft SQL Server\140\Tools\Binn\;C:\Program Files\Microsoft SQL Server\140\Tools\Binn\;C:\Program Files\Microsoft SQL Server\140\DTS\Binn\;F:\查重系统\nodejs;C:\Program Files\Git\cmd;C:\tomcat7.0\bin;C:\Users\Administrator\Python\Python37;H:\常用软件\学习\mongodb\bin;F:\查重系统\Git\cmd;F:\Google\Chrome\Application;C:\Program Files (x86)\MySQL\mysql-5.7.20-winx64\bin;C:\WINDOWS\System32\OpenSSH\;C:\Users\study\apache-maven-3.6.0\bin;F:\study\学习资料\PICT\;C:\Users\Administrator\AppData\Roaming\npm;C:\Users\study\IDEA\bin;;H:\python\PyCharm Community Edition 2019.3.4\bin;;C:\Users\Administrator\AppData\Local\Microsoft\WindowsApps;;."/>
    <property name="java.vm.info" value="mixed mode"/>
    <property name="java.vendor" value="Oracle Corporation"/>
    <property name="java.vm.version" value="25.181-b13"/>
    <property name="java.ext.dirs" value="C:\Program Files\Java\jdk1.8.0_181\jre\lib\ext;C:\WINDOWS\Sun\Java\lib\ext"/>
    <property name="sun.io.unicode.encoding" value="UnicodeLittle"/>
    <property name="java.class.version" value="52.0"/>
  </properties>
  <testcase name="testSOldierAdd" classname="TestAnnoTable" time="0.301"/>
  <testcase name="testfind" classname="TestAnnoTable" time="0.141"/>
  <testcase name="testSoldierDelete" classname="TestAnnoTable" time="0.038"/>
  <testcase name="test" classname="TestAnnoTable" time="0.344"/>
</testsuite>